2017-03-11 22:21:21,261 0    [http-nio-8080-exec-3] INFO  org.hibernate.annotations.common.Version  - HCANN000001: Hibernate Commons Annotations {4.0.5.Final}
2017-03-11 22:21:21,287 26   [http-nio-8080-exec-3] INFO  org.hibernate.Version  - HHH000412: Hibernate Core {4.3.11.Final}
2017-03-11 22:21:21,299 38   [http-nio-8080-exec-3] INFO  org.hibernate.cfg.Environment  - HHH000206: hibernate.properties not found
2017-03-11 22:21:21,305 44   [http-nio-8080-exec-3] INFO  org.hibernate.cfg.Environment  - HHH000021: Bytecode provider name : javassist
2017-03-11 22:21:21,336 75   [http-nio-8080-exec-3] INFO  org.hibernate.cfg.Configuration  - HHH000043: Configuring from resource: /hibernate.cfg.xml
2017-03-11 22:21:21,336 75   [http-nio-8080-exec-3] INFO  org.hibernate.cfg.Configuration  - HHH000040: Configuration resource: /hibernate.cfg.xml
2017-03-11 22:21:21,392 131  [http-nio-8080-exec-3] INFO  org.hibernate.cfg.Configuration  - HHH000041: Configured SessionFactory: null
2017-03-11 22:21:21,473 212  [http-nio-8080-exec-3] WARN  org.hibernate.engine.jdbc.connections.internal.DriverManagerConnectionProviderImpl  - HHH000402: Using Hibernate built-in connection pool (not for production use!)
2017-03-11 22:21:21,478 217  [http-nio-8080-exec-3] INFO  org.hibernate.engine.jdbc.connections.internal.DriverManagerConnectionProviderImpl  - HHH000401: using driver [com.mysql.jdbc.Driver] at URL [jdbc:mysql://localhost:3306/TENNIS_UNIVERSE]
2017-03-11 22:21:21,479 218  [http-nio-8080-exec-3] INFO  org.hibernate.engine.jdbc.connections.internal.DriverManagerConnectionProviderImpl  - HHH000046: Connection properties: {user=root, password=****}
2017-03-11 22:21:21,479 218  [http-nio-8080-exec-3] INFO  org.hibernate.engine.jdbc.connections.internal.DriverManagerConnectionProviderImpl  - HHH000006: Autocommit mode: false
2017-03-11 22:21:21,482 221  [http-nio-8080-exec-3] INFO  org.hibernate.engine.jdbc.connections.internal.DriverManagerConnectionProviderImpl  - HHH000115: Hibernate connection pool size: 20 (min=1)
2017-03-11 22:21:22,004 743  [http-nio-8080-exec-3] INFO  org.hibernate.dialect.Dialect  - HHH000400: Using dialect: org.hibernate.dialect.MySQL5Dialect
2017-03-11 22:21:22,174 913  [http-nio-8080-exec-3] INFO  org.hibernate.engine.transaction.internal.TransactionFactoryInitiator  - HHH000399: Using default transaction strategy (direct JDBC transactions)
2017-03-11 22:21:22,177 916  [http-nio-8080-exec-3] INFO  org.hibernate.hql.internal.ast.ASTQueryTranslatorFactory  - HHH000397: Using ASTQueryTranslatorFactory
2017-03-11 23:16:51,194 0    [http-nio-8080-exec-2] INFO  org.hibernate.annotations.common.Version  - HCANN000001: Hibernate Commons Annotations {4.0.5.Final}
2017-03-11 23:16:51,199 5    [http-nio-8080-exec-2] INFO  org.hibernate.Version  - HHH000412: Hibernate Core {4.3.11.Final}
2017-03-11 23:16:51,202 8    [http-nio-8080-exec-2] INFO  org.hibernate.cfg.Environment  - HHH000206: hibernate.properties not found
2017-03-11 23:16:51,203 9    [http-nio-8080-exec-2] INFO  org.hibernate.cfg.Environment  - HHH000021: Bytecode provider name : javassist
2017-03-11 23:16:51,228 34   [http-nio-8080-exec-2] INFO  org.hibernate.cfg.Configuration  - HHH000043: Configuring from resource: /hibernate.cfg.xml
2017-03-11 23:16:51,229 35   [http-nio-8080-exec-2] INFO  org.hibernate.cfg.Configuration  - HHH000040: Configuration resource: /hibernate.cfg.xml
2017-03-11 23:16:51,316 122  [http-nio-8080-exec-2] INFO  org.hibernate.cfg.Configuration  - HHH000041: Configured SessionFactory: null
2017-03-11 23:16:51,442 248  [http-nio-8080-exec-2] WARN  org.hibernate.engine.jdbc.connections.internal.DriverManagerConnectionProviderImpl  - HHH000402: Using Hibernate built-in connection pool (not for production use!)
2017-03-11 23:16:51,447 253  [http-nio-8080-exec-2] INFO  org.hibernate.engine.jdbc.connections.internal.DriverManagerConnectionProviderImpl  - HHH000401: using driver [com.mysql.jdbc.Driver] at URL [jdbc:mysql://localhost:3306/TENNIS_UNIVERSE]
2017-03-11 23:16:51,447 253  [http-nio-8080-exec-2] INFO  org.hibernate.engine.jdbc.connections.internal.DriverManagerConnectionProviderImpl  - HHH000046: Connection properties: {user=root, password=****}
2017-03-11 23:16:51,447 253  [http-nio-8080-exec-2] INFO  org.hibernate.engine.jdbc.connections.internal.DriverManagerConnectionProviderImpl  - HHH000006: Autocommit mode: false
2017-03-11 23:16:51,448 254  [http-nio-8080-exec-2] INFO  org.hibernate.engine.jdbc.connections.internal.DriverManagerConnectionProviderImpl  - HHH000115: Hibernate connection pool size: 20 (min=1)
2017-03-11 23:16:51,707 513  [http-nio-8080-exec-2] INFO  org.hibernate.dialect.Dialect  - HHH000400: Using dialect: org.hibernate.dialect.MySQL5Dialect
2017-03-11 23:16:51,887 693  [http-nio-8080-exec-2] INFO  org.hibernate.engine.transaction.internal.TransactionFactoryInitiator  - HHH000399: Using default transaction strategy (direct JDBC transactions)
2017-03-11 23:16:51,896 702  [http-nio-8080-exec-2] INFO  org.hibernate.hql.internal.ast.ASTQueryTranslatorFactory  - HHH000397: Using ASTQueryTranslatorFactory
2017-03-11 23:21:20,643 0    [http-nio-8080-exec-1] INFO  org.hibernate.annotations.common.Version  - HCANN000001: Hibernate Commons Annotations {4.0.5.Final}
2017-03-11 23:21:20,649 6    [http-nio-8080-exec-1] INFO  org.hibernate.Version  - HHH000412: Hibernate Core {4.3.11.Final}
2017-03-11 23:21:20,651 8    [http-nio-8080-exec-1] INFO  org.hibernate.cfg.Environment  - HHH000206: hibernate.properties not found
2017-03-11 23:21:20,652 9    [http-nio-8080-exec-1] INFO  org.hibernate.cfg.Environment  - HHH000021: Bytecode provider name : javassist
2017-03-11 23:21:20,708 65   [http-nio-8080-exec-1] INFO  org.hibernate.cfg.Configuration  - HHH000043: Configuring from resource: /hibernate.cfg.xml
2017-03-11 23:21:20,708 65   [http-nio-8080-exec-1] INFO  org.hibernate.cfg.Configuration  - HHH000040: Configuration resource: /hibernate.cfg.xml
2017-03-11 23:21:20,776 133  [http-nio-8080-exec-1] INFO  org.hibernate.cfg.Configuration  - HHH000041: Configured SessionFactory: null
2017-03-11 23:21:20,868 225  [http-nio-8080-exec-1] WARN  org.hibernate.engine.jdbc.connections.internal.DriverManagerConnectionProviderImpl  - HHH000402: Using Hibernate built-in connection pool (not for production use!)
2017-03-11 23:21:20,872 229  [http-nio-8080-exec-1] INFO  org.hibernate.engine.jdbc.connections.internal.DriverManagerConnectionProviderImpl  - HHH000401: using driver [com.mysql.jdbc.Driver] at URL [jdbc:mysql://localhost:3306/TENNIS_UNIVERSE]
2017-03-11 23:21:20,872 229  [http-nio-8080-exec-1] INFO  org.hibernate.engine.jdbc.connections.internal.DriverManagerConnectionProviderImpl  - HHH000046: Connection properties: {user=root, password=****}
2017-03-11 23:21:20,872 229  [http-nio-8080-exec-1] INFO  org.hibernate.engine.jdbc.connections.internal.DriverManagerConnectionProviderImpl  - HHH000006: Autocommit mode: false
2017-03-11 23:21:20,873 230  [http-nio-8080-exec-1] INFO  org.hibernate.engine.jdbc.connections.internal.DriverManagerConnectionProviderImpl  - HHH000115: Hibernate connection pool size: 20 (min=1)
2017-03-11 23:21:21,192 549  [http-nio-8080-exec-1] INFO  org.hibernate.dialect.Dialect  - HHH000400: Using dialect: org.hibernate.dialect.MySQL5Dialect
2017-03-11 23:21:21,400 757  [http-nio-8080-exec-1] INFO  org.hibernate.engine.transaction.internal.TransactionFactoryInitiator  - HHH000399: Using default transaction strategy (direct JDBC transactions)
2017-03-11 23:21:21,407 764  [http-nio-8080-exec-1] INFO  org.hibernate.hql.internal.ast.ASTQueryTranslatorFactory  - HHH000397: Using ASTQueryTranslatorFactory
2017-03-11 23:24:57,626 0    [http-nio-8080-exec-1] INFO  org.hibernate.annotations.common.Version  - HCANN000001: Hibernate Commons Annotations {4.0.5.Final}
2017-03-11 23:24:57,634 8    [http-nio-8080-exec-1] INFO  org.hibernate.Version  - HHH000412: Hibernate Core {4.3.11.Final}
2017-03-11 23:24:57,636 10   [http-nio-8080-exec-1] INFO  org.hibernate.cfg.Environment  - HHH000206: hibernate.properties not found
2017-03-11 23:24:57,637 11   [http-nio-8080-exec-1] INFO  org.hibernate.cfg.Environment  - HHH000021: Bytecode provider name : javassist
2017-03-11 23:24:57,743 117  [http-nio-8080-exec-1] INFO  org.hibernate.cfg.Configuration  - HHH000043: Configuring from resource: /hibernate.cfg.xml
2017-03-11 23:24:57,743 117  [http-nio-8080-exec-1] INFO  org.hibernate.cfg.Configuration  - HHH000040: Configuration resource: /hibernate.cfg.xml
2017-03-11 23:24:57,833 207  [http-nio-8080-exec-1] INFO  org.hibernate.cfg.Configuration  - HHH000041: Configured SessionFactory: null
2017-03-11 23:24:57,923 297  [http-nio-8080-exec-1] WARN  org.hibernate.engine.jdbc.connections.internal.DriverManagerConnectionProviderImpl  - HHH000402: Using Hibernate built-in connection pool (not for production use!)
2017-03-11 23:24:57,927 301  [http-nio-8080-exec-1] INFO  org.hibernate.engine.jdbc.connections.internal.DriverManagerConnectionProviderImpl  - HHH000401: using driver [com.mysql.jdbc.Driver] at URL [jdbc:mysql://localhost:3306/TENNIS_UNIVERSE]
2017-03-11 23:24:57,928 302  [http-nio-8080-exec-1] INFO  org.hibernate.engine.jdbc.connections.internal.DriverManagerConnectionProviderImpl  - HHH000046: Connection properties: {user=root, password=****}
2017-03-11 23:24:57,928 302  [http-nio-8080-exec-1] INFO  org.hibernate.engine.jdbc.connections.internal.DriverManagerConnectionProviderImpl  - HHH000006: Autocommit mode: false
2017-03-11 23:24:57,929 303  [http-nio-8080-exec-1] INFO  org.hibernate.engine.jdbc.connections.internal.DriverManagerConnectionProviderImpl  - HHH000115: Hibernate connection pool size: 20 (min=1)
2017-03-11 23:24:58,241 615  [http-nio-8080-exec-1] INFO  org.hibernate.dialect.Dialect  - HHH000400: Using dialect: org.hibernate.dialect.MySQL5Dialect
2017-03-11 23:24:58,419 793  [http-nio-8080-exec-1] INFO  org.hibernate.engine.transaction.internal.TransactionFactoryInitiator  - HHH000399: Using default transaction strategy (direct JDBC transactions)
2017-03-11 23:24:58,423 797  [http-nio-8080-exec-1] INFO  org.hibernate.hql.internal.ast.ASTQueryTranslatorFactory  - HHH000397: Using ASTQueryTranslatorFactory
